#
# There is insufficient memory for the Java Runtime Environment to continue.
# Native memory allocation (malloc) failed to allocate 1776336 bytes for Chunk::new
# Possible reasons:
#   The system is out of physical RAM or swap space
#   The process is running with CompressedOops enabled, and the Java Heap may be blocking the growth of the native heap
# Possible solutions:
#   Reduce memory load on the system
#   Increase physical memory or swap space
#   Check if swap backing store is full
#   Decrease Java heap size (-Xmx/-Xms)
#   Decrease number of Java threads
#   Decrease Java thread stack sizes (-Xss)
#   Set larger code cache with -XX:ReservedCodeCacheSize=
#   JVM is running with Unscaled Compressed Oops mode in which the Java heap is
#     placed in the first 4GB address space. The Java Heap base address is the
#     maximum limit for the native heap growth. Please use -XX:HeapBaseMinAddress
#     to set the Java Heap base and to place the Java Heap above 4GB virtual address.
# This output file may be truncated or incomplete.
#
#  Out of Memory Error (allocation.cpp:389), pid=15404, tid=0x0000000000004090
#
# JRE version: Java(TM) SE Runtime Environment (8.0_231-b11) (build 1.8.0_231-b11)
# Java VM: Java HotSpot(TM) 64-Bit Server VM (25.231-b11 mixed mode windows-amd64 compressed oops)
# Failed to write core dump. Minidumps are not enabled by default on client versions of Windows
#

---------------  T H R E A D  ---------------

Current thread (0x000000001af13000):  JavaThread "C2 CompilerThread2" daemon [_thread_in_native, id=16528, stack(0x000000001b6c0000,0x000000001b7c0000)]

Stack: [0x000000001b6c0000,0x000000001b7c0000]
[error occurred during error reporting (printing stack bounds), id 0xc0000005]

Native frames: (J=compiled Java code, j=interpreted, Vv=VM code, C=native code)


Current CompileTask:
C2:   8800 4573   !   4       com.sun.beans.TypeResolver::resolve (274 bytes)


---------------  P R O C E S S  ---------------

Java Threads: ( => current thread )
  0x0000000023f18800 JavaThread "ForkJoinPool.commonPool-worker-7" daemon [_thread_blocked, id=17560, stack(0x0000000026350000,0x0000000026450000)]
  0x0000000024afb800 JavaThread "ForkJoinPool.commonPool-worker-6" daemon [_thread_blocked, id=16124, stack(0x0000000026250000,0x0000000026350000)]
  0x000000001b1c2800 JavaThread "ForkJoinPool.commonPool-worker-5" daemon [_thread_blocked, id=10356, stack(0x0000000026150000,0x0000000026250000)]
  0x0000000023706800 JavaThread "ForkJoinPool.commonPool-worker-4" daemon [_thread_blocked, id=5284, stack(0x0000000025de0000,0x0000000025ee0000)]
  0x000000001c033800 JavaThread "ForkJoinPool.commonPool-worker-3" daemon [_thread_blocked, id=13972, stack(0x0000000025480000,0x0000000025580000)]
  0x000000001b1ae800 JavaThread "ForkJoinPool.commonPool-worker-2" daemon [_thread_blocked, id=9508, stack(0x0000000025160000,0x0000000025260000)]
  0x00000000236ed000 JavaThread "ForkJoinPool.commonPool-worker-1" daemon [_thread_blocked, id=12060, stack(0x0000000024c10000,0x0000000024d10000)]
  0x000000001a302000 JavaThread "Druid-ConnectionPool-Destroy-1165023158" daemon [_thread_blocked, id=7032, stack(0x0000000022580000,0x0000000022680000)]
  0x00000000205f1800 JavaThread "Druid-ConnectionPool-Create-1165023158" daemon [_thread_blocked, id=16588, stack(0x0000000022480000,0x0000000022580000)]
  0x000000001dcdf800 JavaThread "mysql-cj-abandoned-connection-cleanup" daemon [_thread_blocked, id=1888, stack(0x0000000021100000,0x0000000021200000)]
  0x000000001af15000 JavaThread "Service Thread" daemon [_thread_blocked, id=17932, stack(0x000000001b8c0000,0x000000001b9c0000)]
  0x000000001af14000 JavaThread "C1 CompilerThread3" daemon [_thread_blocked, id=9688, stack(0x000000001b7c0000,0x000000001b8c0000)]
=>0x000000001af13000 JavaThread "C2 CompilerThread2" daemon [_thread_in_native, id=16528, stack(0x000000001b6c0000,0x000000001b7c0000)]
  0x000000001af12800 JavaThread "C2 CompilerThread1" daemon [_thread_in_native, id=12540, stack(0x000000001b5c0000,0x000000001b6c0000)]
  0x000000001af0f800 JavaThread "C2 CompilerThread0" daemon [_thread_in_native, id=15656, stack(0x000000001b4c0000,0x000000001b5c0000)]
  0x000000001a271000 JavaThread "JDWP Command Reader" daemon [_thread_in_native, id=18120, stack(0x000000001abc0000,0x000000001acc0000)]
  0x000000001a26e000 JavaThread "JDWP Event Helper Thread" daemon [_thread_blocked, id=16236, stack(0x000000001aac0000,0x000000001abc0000)]
  0x000000001a263000 JavaThread "JDWP Transport Listener: dt_socket" daemon [_thread_blocked, id=4500, stack(0x000000001a9c0000,0x000000001aac0000)]
  0x000000001a259800 JavaThread "Attach Listener" daemon [_thread_blocked, id=15580, stack(0x000000001a8c0000,0x000000001a9c0000)]
  0x000000001a257800 JavaThread "Signal Dispatcher" daemon [_thread_blocked, id=17924, stack(0x000000001a7c0000,0x000000001a8c0000)]
  0x00000000183e4000 JavaThread "Finalizer" daemon [_thread_blocked, id=12652, stack(0x000000001a6c0000,0x000000001a7c0000)]
  0x000000001a1e0800 JavaThread "Reference Handler" daemon [_thread_blocked, id=13304, stack(0x000000001a5c0000,0x000000001a6c0000)]
  0x000000000319b000 JavaThread "main" [_thread_in_vm, id=18140, stack(0x0000000003090000,0x0000000003190000)]

Other Threads:
  0x000000000328e800 VMThread [stack: 0x000000001a0c0000,0x000000001a1c0000] [id=10880]
  0x000000001b0fc800 WatcherThread [stack: 0x000000001b9c0000,0x000000001bac0000] [id=6332]

VM state:not at safepoint (normal execution)

VM Mutex/Monitor currently owned by a thread: None

heap address: 0x0000000081c00000, size: 2020 MB, Compressed Oops mode: 32-bit
Narrow klass base: 0x0000000000000000, Narrow klass shift: 3
Compressed class space size: 1073741824 Address: 0x0000000100000000

Heap:
 PSYoungGen      total 199168K, used 43371K [0x00000000d5f00000, 0x00000000e3000000, 0x0000000100000000)
  eden space 187392K, 18% used [0x00000000d5f00000,0x00000000d8075cf8,0x00000000e1600000)
  from space 11776K, 77% used [0x00000000e2480000,0x00000000e2d64f98,0x00000000e3000000)
  to   space 13312K, 0% used [0x00000000e1600000,0x00000000e1600000,0x00000000e2300000)
 ParOldGen       total 82432K, used 23869K [0x0000000081c00000, 0x0000000086c80000, 0x00000000d5f00000)
  object space 82432K, 28% used [0x0000000081c00000,0x000000008334f710,0x0000000086c80000)
 Metaspace       used 56713K, capacity 58748K, committed 59008K, reserved 1099776K
  class space    used 7608K, capacity 7998K, committed 8064K, reserved 1048576K

Card table byte_map: [0x0000000012820000,0x0000000012c20000] byte_map_base: 0x0000000012412000

Marking Bits: (ParMarkBitMap*) 0x000000005ed06d90
 Begin Bits: [0x00000000136d0000, 0x0000000015660000)
 End Bits:   [0x0000000015660000, 0x00000000175f0000)

Polling page: 0x0000000000ea0000

CodeCache: size=245760Kb used=17544Kb max_used=17544Kb free=228215Kb
 bounds [0x0000000003460000, 0x0000000004590000, 0x0000000012460000]
 total_blobs=4797 nmethods=4256 adapters=461
 compilation: enabled

Compilation events (10 events):
Event: 8.790 Thread 0x000000001af14000 nmethod 4731 0x000000000457e190 code [0x000000000457e4c0, 0x000000000457fa98]
Event: 8.790 Thread 0x000000001af14000 4733       3       java.lang.invoke.InnerClassLambdaMetafactory$ForwardingMethodGenerator::generate (176 bytes)
Event: 8.791 Thread 0x000000001af14000 nmethod 4733 0x0000000004580ad0 code [0x0000000004580da0, 0x0000000004582518]
Event: 8.792 Thread 0x000000001af14000 4738       3       java.lang.invoke.InnerClassLambdaMetafactory::spinInnerClass (515 bytes)
Event: 8.797 Thread 0x000000001af14000 nmethod 4738 0x0000000004582e50 code [0x0000000004583420, 0x0000000004586f18]
Event: 8.797 Thread 0x000000001af14000 4734       3       java.lang.invoke.InnerClassLambdaMetafactory$ForwardingMethodGenerator::convertArgumentTypes (197 bytes)
Event: 8.799 Thread 0x000000001af14000 nmethod 4734 0x00000000045898d0 code [0x0000000004589ba0, 0x000000000458b298]
Event: 8.799 Thread 0x000000001af14000 4732       3       java.lang.invoke.InnerClassLambdaMetafactory$ForwardingMethodGenerator::<init> (11 bytes)
Event: 8.799 Thread 0x000000001af14000 nmethod 4732 0x000000000458c150 code [0x000000000458c2c0, 0x000000000458c4e8]
Event: 8.799 Thread 0x000000001af14000 4735       3       java.lang.invoke.InnerClassLambdaMetafactory$ForwardingMethodGenerator::invocationOpcode (93 bytes)

GC Heap History (10 events):
Event: 4.134 GC heap before
{Heap before GC invocations=10 (full 1):
 PSYoungGen      total 115712K, used 114520K [0x00000000d5f00000, 0x00000000dd880000, 0x0000000100000000)
  eden space 108032K, 100% used [0x00000000d5f00000,0x00000000dc880000,0x00000000dc880000)
  from space 7680K, 84% used [0x00000000dd100000,0x00000000dd756080,0x00000000dd880000)
  to   space 8192K, 0% used [0x00000000dc880000,0x00000000dc880000,0x00000000dd080000)
 ParOldGen       total 53248K, used 6469K [0x0000000081c00000, 0x0000000085000000, 0x00000000d5f00000)
  object space 53248K, 12% used [0x0000000081c00000,0x0000000082251528,0x0000000085000000)
 Metaspace       used 33335K, capacity 34508K, committed 34816K, reserved 1079296K
  class space    used 4290K, capacity 4554K, committed 4608K, reserved 1048576K
Event: 4.143 GC heap after
Heap after GC invocations=10 (full 1):
 PSYoungGen      total 116224K, used 8188K [0x00000000d5f00000, 0x00000000e0100000, 0x0000000100000000)
  eden space 108032K, 0% used [0x00000000d5f00000,0x00000000d5f00000,0x00000000dc880000)
  from space 8192K, 99% used [0x00000000dc880000,0x00000000dd07f008,0x00000000dd080000)
  to   space 10240K, 0% used [0x00000000df700000,0x00000000df700000,0x00000000e0100000)
 ParOldGen       total 53248K, used 9918K [0x0000000081c00000, 0x0000000085000000, 0x00000000d5f00000)
  object space 53248K, 18% used [0x0000000081c00000,0x00000000825af820,0x0000000085000000)
 Metaspace       used 33335K, capacity 34508K, committed 34816K, reserved 1079296K
  class space    used 4290K, capacity 4554K, committed 4608K, reserved 1048576K
}
Event: 4.374 GC heap before
{Heap before GC invocations=11 (full 1):
 PSYoungGen      total 116224K, used 38039K [0x00000000d5f00000, 0x00000000e0100000, 0x0000000100000000)
  eden space 108032K, 27% used [0x00000000d5f00000,0x00000000d7c26e80,0x00000000dc880000)
  from space 8192K, 99% used [0x00000000dc880000,0x00000000dd07f008,0x00000000dd080000)
  to   space 10240K, 0% used [0x00000000df700000,0x00000000df700000,0x00000000e0100000)
 ParOldGen       total 53248K, used 9918K [0x0000000081c00000, 0x0000000085000000, 0x00000000d5f00000)
  object space 53248K, 18% used [0x0000000081c00000,0x00000000825af820,0x0000000085000000)
 Metaspace       used 34191K, capacity 35416K, committed 35496K, reserved 1081344K
  class space    used 4407K, capacity 4672K, committed 4736K, reserved 1048576K
Event: 4.380 GC heap after
Heap after GC invocations=11 (full 1):
 PSYoungGen      total 155648K, used 5857K [0x00000000d5f00000, 0x00000000e0200000, 0x0000000100000000)
  eden space 145408K, 0% used [0x00000000d5f00000,0x00000000d5f00000,0x00000000ded00000)
  from space 10240K, 57% used [0x00000000df700000,0x00000000dfcb84d8,0x00000000e0100000)
  to   space 10240K, 0% used [0x00000000ded00000,0x00000000ded00000,0x00000000df700000)
 ParOldGen       total 53248K, used 12744K [0x0000000081c00000, 0x0000000085000000, 0x00000000d5f00000)
  object space 53248K, 23% used [0x0000000081c00000,0x00000000828723d8,0x0000000085000000)
 Metaspace       used 34191K, capacity 35416K, committed 35496K, reserved 1081344K
  class space    used 4407K, capacity 4672K, committed 4736K, reserved 1048576K
}
Event: 4.380 GC heap before
{Heap before GC invocations=12 (full 2):
 PSYoungGen      total 155648K, used 5857K [0x00000000d5f00000, 0x00000000e0200000, 0x0000000100000000)
  eden space 145408K, 0% used [0x00000000d5f00000,0x00000000d5f00000,0x00000000ded00000)
  from space 10240K, 57% used [0x00000000df700000,0x00000000dfcb84d8,0x00000000e0100000)
  to   space 10240K, 0% used [0x00000000ded00000,0x00000000ded00000,0x00000000df700000)
 ParOldGen       total 53248K, used 12744K [0x0000000081c00000, 0x0000000085000000, 0x00000000d5f00000)
  object space 53248K, 23% used [0x0000000081c00000,0x00000000828723d8,0x0000000085000000)
 Metaspace       used 34191K, capacity 35416K, committed 35496K, reserved 1081344K
  class space    used 4407K, capacity 4672K, committed 4736K, reserved 1048576K
Event: 4.420 GC heap after
Heap after GC invocations=12 (full 2):
 PSYoungGen      total 155648K, used 0K [0x00000000d5f00000, 0x00000000e0200000, 0x0000000100000000)
  eden space 145408K, 0% used [0x00000000d5f00000,0x00000000d5f00000,0x00000000ded00000)
  from space 10240K, 0% used [0x00000000df700000,0x00000000df700000,0x00000000e0100000)
  to   space 10240K, 0% used [0x00000000ded00000,0x00000000ded00000,0x00000000df700000)
 ParOldGen       total 82432K, used 13678K [0x0000000081c00000, 0x0000000086c80000, 0x00000000d5f00000)
  object space 82432K, 16% used [0x0000000081c00000,0x000000008295bbf8,0x0000000086c80000)
 Metaspace       used 34191K, capacity 35416K, committed 35496K, reserved 1081344K
  class space    used 4407K, capacity 4672K, committed 4736K, reserved 1048576K
}
Event: 6.715 GC heap before
{Heap before GC invocations=13 (full 2):
 PSYoungGen      total 155648K, used 145408K [0x00000000d5f00000, 0x00000000e0200000, 0x0000000100000000)
  eden space 145408K, 100% used [0x00000000d5f00000,0x00000000ded00000,0x00000000ded00000)
  from space 10240K, 0% used [0x00000000df700000,0x00000000df700000,0x00000000e0100000)
  to   space 10240K, 0% used [0x00000000ded00000,0x00000000ded00000,0x00000000df700000)
 ParOldGen       total 82432K, used 13678K [0x0000000081c00000, 0x0000000086c80000, 0x00000000d5f00000)
  object space 82432K, 16% used [0x0000000081c00000,0x000000008295bbf8,0x0000000086c80000)
 Metaspace       used 46951K, capacity 48360K, committed 48768K, reserved 1091584K
  class space    used 6166K, capacity 6460K, committed 6528K, reserved 1048576K
Event: 6.725 GC heap after
Heap after GC invocations=13 (full 2):
 PSYoungGen      total 155648K, used 10238K [0x00000000d5f00000, 0x00000000e3100000, 0x0000000100000000)
  eden space 145408K, 0% used [0x00000000d5f00000,0x00000000d5f00000,0x00000000ded00000)
  from space 10240K, 99% used [0x00000000ded00000,0x00000000df6ffa20,0x00000000df700000)
  to   space 12800K, 0% used [0x00000000e2480000,0x00000000e2480000,0x00000000e3100000)
 ParOldGen       total 82432K, used 18165K [0x0000000081c00000, 0x0000000086c80000, 0x00000000d5f00000)
  object space 82432K, 22% used [0x0000000081c00000,0x0000000082dbd758,0x0000000086c80000)
 Metaspace       used 46951K, capacity 48360K, committed 48768K, reserved 1091584K
  class space    used 6166K, capacity 6460K, committed 6528K, reserved 1048576K
}
Event: 8.497 GC heap before
{Heap before GC invocations=14 (full 2):
 PSYoungGen      total 155648K, used 155646K [0x00000000d5f00000, 0x00000000e3100000, 0x0000000100000000)
  eden space 145408K, 100% used [0x00000000d5f00000,0x00000000ded00000,0x00000000ded00000)
  from space 10240K, 99% used [0x00000000ded00000,0x00000000df6ffa20,0x00000000df700000)
  to   space 12800K, 0% used [0x00000000e2480000,0x00000000e2480000,0x00000000e3100000)
 ParOldGen       total 82432K, used 18165K [0x0000000081c00000, 0x0000000086c80000, 0x00000000d5f00000)
  object space 82432K, 22% used [0x0000000081c00000,0x0000000082dbd758,0x0000000086c80000)
 Metaspace       used 55758K, capacity 57632K, committed 57856K, reserved 1099776K
  class space    used 7504K, capacity 7870K, committed 7936K, reserved 1048576K
Event: 8.517 GC heap after
Heap after GC invocations=14 (full 2):
 PSYoungGen      total 199168K, used 9107K [0x00000000d5f00000, 0x00000000e3000000, 0x0000000100000000)
  eden space 187392K, 0% used [0x00000000d5f00000,0x00000000d5f00000,0x00000000e1600000)
  from space 11776K, 77% used [0x00000000e2480000,0x00000000e2d64f98,0x00000000e3000000)
  to   space 13312K, 0% used [0x00000000e1600000,0x00000000e1600000,0x00000000e2300000)
 ParOldGen       total 82432K, used 23869K [0x0000000081c00000, 0x0000000086c80000, 0x00000000d5f00000)
  object space 82432K, 28% used [0x0000000081c00000,0x000000008334f710,0x0000000086c80000)
 Metaspace       used 55758K, capacity 57632K, committed 57856K, reserved 1099776K
  class space    used 7504K, capacity 7870K, committed 7936K, reserved 1048576K
}

Deoptimization events (10 events):
Event: 8.561 Thread 0x000000000319b000 Uncommon trap: reason=unstable_if action=reinterpret pc=0x00000000043abba4 method=org.springframework.transaction.annotation.SpringTransactionAnnotationParser.parseTransactionAnnotation(Ljava/lang/reflect/AnnotatedElement;)Lorg/springframework/transaction
Event: 8.563 Thread 0x000000000319b000 Uncommon trap: reason=unstable_if action=reinterpret pc=0x0000000003f80234 method=org.springframework.asm.Frame.merge(Lorg/springframework/asm/SymbolTable;I[II)Z @ 87
Event: 8.583 Thread 0x000000000319b000 Uncommon trap: reason=class_check action=maybe_recompile pc=0x0000000004291d24 method=org.springframework.core.annotation.AnnotationUtils.searchOnInterfaces(Ljava/lang/reflect/Method;Ljava/lang/Class;[Ljava/lang/Class;)Ljava/lang/annotation/Annotation; @ 
Event: 8.584 Thread 0x000000000319b000 Uncommon trap: reason=class_check action=maybe_recompile pc=0x0000000004291d24 method=org.springframework.core.annotation.AnnotationUtils.searchOnInterfaces(Ljava/lang/reflect/Method;Ljava/lang/Class;[Ljava/lang/Class;)Ljava/lang/annotation/Annotation; @ 
Event: 8.584 Thread 0x000000000319b000 Uncommon trap: reason=class_check action=maybe_recompile pc=0x0000000004291d24 method=org.springframework.core.annotation.AnnotationUtils.searchOnInterfaces(Ljava/lang/reflect/Method;Ljava/lang/Class;[Ljava/lang/Class;)Ljava/lang/annotation/Annotation; @ 
Event: 8.584 Thread 0x000000000319b000 Uncommon trap: reason=class_check action=maybe_recompile pc=0x0000000004291d24 method=org.springframework.core.annotation.AnnotationUtils.searchOnInterfaces(Ljava/lang/reflect/Method;Ljava/lang/Class;[Ljava/lang/Class;)Ljava/lang/annotation/Annotation; @ 
Event: 8.585 Thread 0x000000000319b000 Uncommon trap: reason=unstable_if action=reinterpret pc=0x0000000004122f58 method=org.springframework.aop.framework.autoproxy.AbstractAutoProxyCreator.predictBeanType(Ljava/lang/Class;Ljava/lang/String;)Ljava/lang/Class; @ 9
Event: 8.597 Thread 0x000000000319b000 Uncommon trap: reason=unstable_if action=reinterpret pc=0x0000000003fe7058 method=org.springframework.beans.factory.support.AbstractAutowireCapableBeanFactory.predictBeanType(Ljava/lang/String;Lorg/springframework/beans/factory/support/RootBeanDefinition;
Event: 8.658 Thread 0x000000000319b000 Uncommon trap: reason=unstable_if action=reinterpret pc=0x00000000039b11c8 method=java.io.WinNTFileSystem.prefixLength(Ljava/lang/String;)I @ 68
Event: 8.658 Thread 0x000000000319b000 Uncommon trap: reason=unstable_if action=reinterpret pc=0x0000000003a30148 method=java.io.WinNTFileSystem.prefixLength(Ljava/lang/String;)I @ 68

Classes redefined (0 events):
No events

Internal exceptions (10 events):
Event: 8.773 Thread 0x000000000319b000 Exception <a 'java/lang/ClassNotFoundException': java/lang/ObjectCustomizer> (0x00000000d7b2b978) thrown at [C:\re\workspace\8-2-build-windows-amd64-cygwin\jdk8u231\13620\hotspot\src\share\vm\classfile\systemDictionary.cpp, line 210]
Event: 8.773 Thread 0x000000000319b000 Exception <a 'java/lang/ClassNotFoundException': org/springframework/boot/autoconfigure/web/servlet/HttpEncodingAutoConfigurationCustomizer> (0x00000000d7b5e348) thrown at [C:\re\workspace\8-2-build-windows-amd64-cygwin\jdk8u231\13620\hotspot\src\share\vm
Event: 8.774 Thread 0x000000000319b000 Exception <a 'java/lang/ClassNotFoundException': org/springframework/boot/autoconfigure/web/servlet/HttpEncodingAutoConfiguration$$EnhancerBySpringCGLIB$$4a2ae261Customizer> (0x00000000d7b9e558) thrown at [C:\re\workspace\8-2-build-windows-amd64-cygwin\jd
Event: 8.775 Thread 0x000000000319b000 Exception <a 'java/lang/ClassNotFoundException': org/springframework/context/annotation/ConfigurationClassEnhancer$EnhancedConfigurationCustomizer> (0x00000000d7bd9748) thrown at [C:\re\workspace\8-2-build-windows-amd64-cygwin\jdk8u231\13620\hotspot\src\s
Event: 8.775 Thread 0x000000000319b000 Exception <a 'java/lang/ClassNotFoundException': org/springframework/beans/factory/BeanFactoryAwareCustomizer> (0x00000000d7bfcda0) thrown at [C:\re\workspace\8-2-build-windows-amd64-cygwin\jdk8u231\13620\hotspot\src\share\vm\classfile\systemDictionary.cp
Event: 8.776 Thread 0x000000000319b000 Exception <a 'java/lang/ClassNotFoundException': org/springframework/beans/factory/AwareCustomizer> (0x00000000d7c1c9b8) thrown at [C:\re\workspace\8-2-build-windows-amd64-cygwin\jdk8u231\13620\hotspot\src\share\vm\classfile\systemDictionary.cpp, line 210
Event: 8.783 Thread 0x000000000319b000 Exception <a 'java/lang/ClassNotFoundException': java/lang/ObjectCustomizer> (0x00000000d7c95ca0) thrown at [C:\re\workspace\8-2-build-windows-amd64-cygwin\jdk8u231\13620\hotspot\src\share\vm\classfile\systemDictionary.cpp, line 210]
Event: 8.784 Thread 0x000000000319b000 Exception <a 'java/lang/ClassNotFoundException': org/springframework/boot/autoconfigure/web/servlet/HttpEncodingAutoConfiguration$LocaleCharsetMappingsCustomizerCustomizer> (0x00000000d7cd5ab0) thrown at [C:\re\workspace\8-2-build-windows-amd64-cygwin\jdk
Event: 8.785 Thread 0x000000000319b000 Exception <a 'java/lang/ClassNotFoundException': org/springframework/boot/web/server/WebServerFactoryCustomizerCustomizer> (0x00000000d7d05a00) thrown at [C:\re\workspace\8-2-build-windows-amd64-cygwin\jdk8u231\13620\hotspot\src\share\vm\classfile\systemD
Event: 8.785 Thread 0x000000000319b000 Exception <a 'java/lang/ClassNotFoundException': org/springframework/core/OrderedCustomizer> (0x00000000d7d21530) thrown at [C:\re\workspace\8-2-build-windows-amd64-cygwin\jdk8u231\13620\hotspot\src\share\vm\classfile\systemDictionary.cpp, line 210]

Events (10 events):
Event: 8.798 loading class org/springframework/boot/autoconfigure/web/ServerProperties$Servlet
Event: 8.798 loading class org/springframework/boot/autoconfigure/web/ServerProperties$Servlet done
Event: 8.799 loading class org/springframework/boot/web/servlet/server/ConfigurableServletWebServerFactory
Event: 8.799 loading class org/springframework/boot/web/servlet/server/ConfigurableServletWebServerFactory done
Event: 8.799 loading class org/springframework/boot/web/servlet/server/Session
Event: 8.799 loading class org/springframework/boot/web/servlet/server/Session done
Event: 8.799 loading class org/springframework/boot/web/servlet/server/Session
Event: 8.799 loading class org/springframework/boot/web/servlet/server/Session done
Event: 8.799 loading class org/springframework/boot/autoconfigure/web/ServerProperties$Servlet
Event: 8.799 loading class org/springframework/boot/autoconfigure/web/ServerProperties$Servlet done


Dynamic libraries:
0x00007ff6a4be0000 - 0x00007ff6a4c17000 	C:\Program Files\Java\jdk1.8.0_231\bin\java.exe
0x00007ffd34d40000 - 0x00007ffd34f2d000 	C:\Windows\SYSTEM32\ntdll.dll
0x00007ffd344c0000 - 0x00007ffd34573000 	C:\Windows\System32\KERNEL32.DLL
0x00007ffd319f0000 - 0x00007ffd31c83000 	C:\Windows\System32\KERNELBASE.dll
0x00007ffd32940000 - 0x00007ffd329e3000 	C:\Windows\System32\ADVAPI32.dll
0x00007ffd34a60000 - 0x00007ffd34afe000 	C:\Windows\System32\msvcrt.dll
0x00007ffd34b00000 - 0x00007ffd34b9e000 	C:\Windows\System32\sechost.dll
0x00007ffd32810000 - 0x00007ffd32932000 	C:\Windows\System32\RPCRT4.dll
0x00007ffd325f0000 - 0x00007ffd32787000 	C:\Windows\System32\USER32.dll
0x00007ffd30e80000 - 0x00007ffd30ea0000 	C:\Windows\System32\win32u.dll
0x00007ffd329f0000 - 0x00007ffd32a19000 	C:\Windows\System32\GDI32.dll
0x00007ffd30ea0000 - 0x00007ffd31039000 	C:\Windows\System32\gdi32full.dll
0x00007ffd31ec0000 - 0x00007ffd31f60000 	C:\Windows\System32\msvcp_win.dll
0x00007ffd31150000 - 0x00007ffd3124a000 	C:\Windows\System32\ucrtbase.dll
0x00007ffd1ed50000 - 0x00007ffd1efc9000 	C:\Windows\WinSxS\amd64_microsoft.windows.common-controls_6595b64144ccf1df_6.0.17763.914_none_05b346b2072102f2\COMCTL32.dll
0x00007ffd32220000 - 0x00007ffd3254c000 	C:\Windows\System32\combase.dll
0x00007ffd30e00000 - 0x00007ffd30e7e000 	C:\Windows\System32\bcryptPrimitives.dll
0x00007ffd341c0000 - 0x00007ffd341ee000 	C:\Windows\System32\IMM32.DLL
0x000000005ed90000 - 0x000000005ee62000 	C:\Program Files\Java\jdk1.8.0_231\jre\bin\msvcr100.dll
0x000000005e4e0000 - 0x000000005ed86000 	C:\Program Files\Java\jdk1.8.0_231\jre\bin\server\jvm.dll
0x00007ffd341b0000 - 0x00007ffd341b8000 	C:\Windows\System32\PSAPI.DLL
0x00007ffd13f50000 - 0x00007ffd13f59000 	C:\Windows\SYSTEM32\WSOCK32.dll
0x00007ffd24f10000 - 0x00007ffd24f1a000 	C:\Windows\SYSTEM32\VERSION.dll
0x00007ffd2e750000 - 0x00007ffd2e774000 	C:\Windows\SYSTEM32\WINMM.dll
0x00007ffd341f0000 - 0x00007ffd3425d000 	C:\Windows\System32\WS2_32.dll
0x00007ffd2e720000 - 0x00007ffd2e74d000 	C:\Windows\SYSTEM32\winmmbase.dll
0x00007ffd31c90000 - 0x00007ffd31cda000 	C:\Windows\System32\cfgmgr32.dll
0x00007ffd27180000 - 0x00007ffd2718f000 	C:\Program Files\Java\jdk1.8.0_231\jre\bin\verify.dll
0x00007ffd20fd0000 - 0x00007ffd20ff9000 	C:\Program Files\Java\jdk1.8.0_231\jre\bin\java.dll
0x00007ffd26f40000 - 0x00007ffd26f75000 	C:\Program Files\Java\jdk1.8.0_231\jre\bin\jdwp.dll
0x00007ffd2d420000 - 0x00007ffd2d428000 	C:\Program Files\Java\jdk1.8.0_231\jre\bin\npt.dll
0x00007ffd26f10000 - 0x00007ffd26f33000 	C:\Program Files\Java\jdk1.8.0_231\jre\bin\instrument.dll
0x00007ffd20fb0000 - 0x00007ffd20fc6000 	C:\Program Files\Java\jdk1.8.0_231\jre\bin\zip.dll
0x00007ffd32cb0000 - 0x00007ffd341a4000 	C:\Windows\System32\SHELL32.dll
0x00007ffd32160000 - 0x00007ffd32208000 	C:\Windows\System32\shcore.dll
0x00007ffd31270000 - 0x00007ffd319bd000 	C:\Windows\System32\windows.storage.dll
0x00007ffd30d50000 - 0x00007ffd30d74000 	C:\Windows\System32\profapi.dll
0x00007ffd30d80000 - 0x00007ffd30ddd000 	C:\Windows\System32\powrprof.dll
0x00007ffd32c50000 - 0x00007ffd32ca2000 	C:\Windows\System32\shlwapi.dll
0x00007ffd30de0000 - 0x00007ffd30df1000 	C:\Windows\System32\kernel.appcore.dll
0x00007ffd31250000 - 0x00007ffd31267000 	C:\Windows\System32\cryptsp.dll
0x00007ffd29e20000 - 0x00007ffd29e29000 	C:\Program Files\Java\jdk1.8.0_231\jre\bin\dt_socket.dll
0x00007ffd30570000 - 0x00007ffd305d7000 	C:\Windows\system32\mswsock.dll
0x00007ffd1fc10000 - 0x00007ffd1fc2a000 	C:\Program Files\Java\jdk1.8.0_231\jre\bin\net.dll
0x00007ffd1fbf0000 - 0x00007ffd1fc02000 	C:\Program Files\Java\jdk1.8.0_231\jre\bin\nio.dll
0x00007ffd26b00000 - 0x00007ffd26b0d000 	C:\Program Files\Java\jdk1.8.0_231\jre\bin\management.dll
0x00007ffd17510000 - 0x00007ffd17526000 	C:\Windows\system32\napinsp.dll
0x00007ffd174f0000 - 0x00007ffd1750a000 	C:\Windows\system32\pnrpnsp.dll
0x00007ffd302d0000 - 0x00007ffd30396000 	C:\Windows\SYSTEM32\DNSAPI.dll
0x00007ffd32a80000 - 0x00007ffd32a88000 	C:\Windows\System32\NSI.dll
0x00007ffd30290000 - 0x00007ffd302cd000 	C:\Windows\SYSTEM32\IPHLPAPI.DLL
0x00007ffd0c920000 - 0x00007ffd0c92e000 	C:\Windows\System32\winrnr.dll
0x00007ffd2d2e0000 - 0x00007ffd2d2fb000 	C:\Windows\system32\NLAapi.dll
0x00007ffd26dc0000 - 0x00007ffd26dd5000 	C:\Windows\system32\wshbth.dll
0x00007ffd22840000 - 0x00007ffd2284a000 	C:\Windows\System32\rasadhlp.dll
0x00007ffd23270000 - 0x00007ffd232e9000 	C:\Windows\System32\fwpuclnt.dll
0x00007ffd319c0000 - 0x00007ffd319e6000 	C:\Windows\System32\bcrypt.dll
0x00007ffd300f0000 - 0x00007ffd30123000 	C:\Windows\system32\rsaenh.dll
0x00007ffd30c60000 - 0x00007ffd30c88000 	C:\Windows\SYSTEM32\USERENV.dll
0x00007ffd30740000 - 0x00007ffd3074c000 	C:\Windows\SYSTEM32\CRYPTBASE.dll
0x00007ffd24650000 - 0x00007ffd24666000 	C:\Windows\SYSTEM32\dhcpcsvc6.DLL
0x00007ffd247d0000 - 0x00007ffd247ec000 	C:\Windows\SYSTEM32\dhcpcsvc.DLL

VM Arguments:
jvm_args: -agentlib:jdwp=transport=dt_socket,address=127.0.0.1:65446,suspend=y,server=n -ea -Didea.test.cyclic.buffer.size=1048576 -javaagent:E:\devTools\ideaIU-2019.3.win\plugins\java\lib\rt\debugger-agent.jar -Dfile.encoding=UTF-8 
java_command: com.intellij.rt.junit.JUnitStarter -ideVersion5 -junit4 com.study.MQ_Springboot.direct.RabbitMqHelloTest,queue_direct
java_class_path (initial): E:\devTools\ideaIU-2019.3.win\lib\idea_rt.jar;E:\devTools\ideaIU-2019.3.win\plugins\junit\lib\junit5-rt.jar;E:\devTools\ideaIU-2019.3.win\plugins\junit\lib\junit-rt.jar;C:\Program Files\Java\jdk1.8.0_231\jre\lib\charsets.jar;C:\Program Files\Java\jdk1.8.0_231\jre\lib\deploy.jar;C:\Program Files\Java\jdk1.8.0_231\jre\lib\ext\access-bridge-64.jar;C:\Program Files\Java\jdk1.8.0_231\jre\lib\ext\cldrdata.jar;C:\Program Files\Java\jdk1.8.0_231\jre\lib\ext\dnsns.jar;C:\Program Files\Java\jdk1.8.0_231\jre\lib\ext\jaccess.jar;C:\Program Files\Java\jdk1.8.0_231\jre\lib\ext\jfxrt.jar;C:\Program Files\Java\jdk1.8.0_231\jre\lib\ext\localedata.jar;C:\Program Files\Java\jdk1.8.0_231\jre\lib\ext\nashorn.jar;C:\Program Files\Java\jdk1.8.0_231\jre\lib\ext\sunec.jar;C:\Program Files\Java\jdk1.8.0_231\jre\lib\ext\sunjce_provider.jar;C:\Program Files\Java\jdk1.8.0_231\jre\lib\ext\sunmscapi.jar;C:\Program Files\Java\jdk1.8.0_231\jre\lib\ext\sunpkcs11.jar;C:\Program Files\Java\jdk1.8.0_231\jre\lib\ext\zipfs.jar;C:\Program Files\Java\jdk1.8.0_231\jre\lib\javaws.jar;C:\Program Files\Java\jdk1.8.0_231\jre\lib\jce.jar;C:\Program Files\Java\jdk1.8.0_231\jre\lib\jfr.jar;C:\Program Files\Java\jdk1.8.0_231\jre\lib\jfxswt.jar;C:\Program Files\Java\jdk1.8.0_231\jre\lib\jsse.jar;C:\Program Files\Java\jdk1.8.0_231\jre\lib\management-agent.jar;C:\Program Files\Java\jdk1.8.0_231\jre\lib\plugin.jar;C:\Program Files\Java\jdk1.8.0_231\jre\lib\resources.jar;C:\Program Files\Java\jdk1.8.0_231\jre\lib\rt.jar;E:\springboot\target\test-classes;E:\springboot\target\classes;E:\devTools\maven\mavenRepository\org\springframework\boot\spring-boot-starter-data-jpa\2.1.9.RELEASE\spring-boot-starter-data-jpa-2.1.9.RELEASE.jar;E:\devTools\maven\mavenRepository\org\springframework\boot\spring-boot-starter-aop\2.1.9.RELEASE\spring-boot-starter-aop-2.1.9.RELEASE.jar;E:\devTools\maven\mavenRepository\org\springframework\spring-aop\5.1.10.RELEASE\spring-aop-5.1.10.RELEASE.jar;E:\devTools\maven\m
Launcher Type: SUN_STANDARD

Environment Variables:
JAVA_HOME=C:\Program Files\Java\jdk1.8.0_231
PATH=C:\Program Files (x86)\Common Files\Oracle\Java\javapath;E:\devTools\Xftp\;E:\devTools\Xshell6\;C:\Program Files (x86)\Intel\Intel(R) Management Engine Components\iCLS\;C:\Program Files\Intel\Intel(R) Management Engine Components\iCLS\;C:\Windows\system32;C:\Windows;C:\Windows\System32\Wbem;C:\Windows\System32\WindowsPowerShell\v1.0\;C:\Windows\System32\OpenSSH\;C:\Program Files (x86)\Intel\Intel(R) Management Engine Components\DAL;C:\Program Files\Intel\Intel(R) Management Engine Components\DAL;C:\Program Files (x86)\Intel\Intel(R) Management Engine Components\IPT;C:\Program Files\Intel\Intel(R) Management Engine Components\IPT;C:\Program Files (x86)\NVIDIA Corporation\PhysX\Common;C:\Program Files\NVIDIA Corporation\NVIDIA NvDLISR;C:\Program Files\Intel\WiFi\bin\;C:\Program Files\Common Files\Intel\WirelessCommon\;C:\Program Files\Java\jdk1.8.0_231\bin;E:\devTools\maven\apache-maven-3.6.1\bin;E:\devTools\mysql-5.7.27-winx64\bin;C:\Program Files\nodejs\;E:\devTools\Git\cmd;E:\devTools\erl10.5\bin;C:\Users\wufeng\AppData\Local\Microsoft\WindowsApps;C:\Users\wufeng\AppData\Roaming\npm
USERNAME=wufeng
OS=Windows_NT
PROCESSOR_IDENTIFIER=Intel64 Family 6 Model 142 Stepping 10, GenuineIntel



---------------  S Y S T E M  ---------------

OS: Windows 10.0 , 64 bit Build 17763 (10.0.17763.475)

CPU:total 8 (initial active 8) (4 cores per cpu, 2 threads per core) family 6 model 142 stepping 10, cmov, cx8, fxsr, mmx, sse, sse2, sse3, ssse3, sse4.1, sse4.2, popcnt, avx, avx2, aes, clmul, erms, 3dnowpref, lzcnt, ht, tsc, tscinvbit, bmi1, bmi2, adx

Memory: 4k page, physical 8269924k(503356k free), swap 14823564k(6132k free)

vm_info: Java HotSpot(TM) 64-Bit Server VM (25.231-b11) for windows-amd64 JRE (1.8.0_231-b11), built on Oct  5 2019 03:11:30 by "java_re" with MS VC++ 10.0 (VS2010)

time: Wed Dec 25 17:13:18 2019
timezone: 中国标准时间
elapsed time: 8 seconds (0d 0h 0m 8s)

